mode: set
rcm/controllers/replicatedconfigmap_controller.go:71.111,81.70 5 0
rcm/controllers/replicatedconfigmap_controller.go:94.2,97.31 3 0
rcm/controllers/replicatedconfigmap_controller.go:105.2,122.16 4 0
rcm/controllers/replicatedconfigmap_controller.go:126.2,126.44 1 0
rcm/controllers/replicatedconfigmap_controller.go:132.2,132.55 1 0
rcm/controllers/replicatedconfigmap_controller.go:138.2,141.50 2 0
rcm/controllers/replicatedconfigmap_controller.go:179.2,183.63 3 0
rcm/controllers/replicatedconfigmap_controller.go:196.2,200.17 4 0
rcm/controllers/replicatedconfigmap_controller.go:81.70,82.30 1 0
rcm/controllers/replicatedconfigmap_controller.go:85.3,91.51 3 0
rcm/controllers/replicatedconfigmap_controller.go:82.30,84.4 1 0
rcm/controllers/replicatedconfigmap_controller.go:97.31,99.56 2 0
rcm/controllers/replicatedconfigmap_controller.go:99.56,102.4 2 0
rcm/controllers/replicatedconfigmap_controller.go:122.16,124.3 1 0
rcm/controllers/replicatedconfigmap_controller.go:126.44,130.3 3 0
rcm/controllers/replicatedconfigmap_controller.go:132.55,136.3 3 0
rcm/controllers/replicatedconfigmap_controller.go:141.50,142.57 1 0
rcm/controllers/replicatedconfigmap_controller.go:142.57,145.48 3 0
rcm/controllers/replicatedconfigmap_controller.go:145.48,150.5 4 0
rcm/controllers/replicatedconfigmap_controller.go:152.8,156.56 3 0
rcm/controllers/replicatedconfigmap_controller.go:156.56,159.59 3 0
rcm/controllers/replicatedconfigmap_controller.go:165.4,172.57 6 0
rcm/controllers/replicatedconfigmap_controller.go:159.59,164.5 4 0
rcm/controllers/replicatedconfigmap_controller.go:172.57,175.5 2 0
rcm/controllers/replicatedconfigmap_controller.go:183.63,185.17 2 0
rcm/controllers/replicatedconfigmap_controller.go:185.17,190.4 4 0
rcm/controllers/replicatedconfigmap_controller.go:191.8,194.3 1 0
rcm/controllers/replicatedconfigmap_controller.go:203.151,211.52 5 0
rcm/controllers/replicatedconfigmap_controller.go:216.2,218.55 2 0
rcm/controllers/replicatedconfigmap_controller.go:302.2,303.52 2 0
rcm/controllers/replicatedconfigmap_controller.go:308.2,308.55 1 0
rcm/controllers/replicatedconfigmap_controller.go:211.52,214.3 2 0
rcm/controllers/replicatedconfigmap_controller.go:218.55,222.16 2 0
rcm/controllers/replicatedconfigmap_controller.go:299.3,299.82 1 0
rcm/controllers/replicatedconfigmap_controller.go:222.16,235.23 9 0
rcm/controllers/replicatedconfigmap_controller.go:238.4,238.29 1 0
rcm/controllers/replicatedconfigmap_controller.go:241.4,247.18 3 0
rcm/controllers/replicatedconfigmap_controller.go:235.23,237.5 1 0
rcm/controllers/replicatedconfigmap_controller.go:238.29,240.5 1 0
rcm/controllers/replicatedconfigmap_controller.go:247.18,252.5 4 0
rcm/controllers/replicatedconfigmap_controller.go:254.9,290.18 10 0
rcm/controllers/replicatedconfigmap_controller.go:290.18,295.5 4 0
rcm/controllers/replicatedconfigmap_controller.go:303.52,306.3 2 0
rcm/controllers/replicatedconfigmap_controller.go:312.133,319.55 4 0
rcm/controllers/replicatedconfigmap_controller.go:334.2,334.12 1 0
rcm/controllers/replicatedconfigmap_controller.go:319.55,322.16 2 0
rcm/controllers/replicatedconfigmap_controller.go:322.16,324.18 2 0
rcm/controllers/replicatedconfigmap_controller.go:324.18,329.5 4 0
rcm/controllers/replicatedconfigmap_controller.go:337.133,345.16 4 0
rcm/controllers/replicatedconfigmap_controller.go:349.2,350.35 2 0
rcm/controllers/replicatedconfigmap_controller.go:354.2,354.11 1 0
rcm/controllers/replicatedconfigmap_controller.go:345.16,348.3 2 0
rcm/controllers/replicatedconfigmap_controller.go:350.35,352.3 1 0
rcm/controllers/replicatedconfigmap_controller.go:357.144,365.16 4 0
rcm/controllers/replicatedconfigmap_controller.go:365.16,369.3 3 0
rcm/controllers/replicatedconfigmap_controller.go:369.8,371.3 1 0
rcm/controllers/replicatedconfigmap_controller.go:375.82,378.16 2 0
rcm/controllers/replicatedconfigmap_controller.go:383.2,386.43 4 0
rcm/controllers/replicatedconfigmap_controller.go:391.2,397.18 2 0
rcm/controllers/replicatedconfigmap_controller.go:401.2,409.18 2 0
rcm/controllers/replicatedconfigmap_controller.go:413.2,413.12 1 0
rcm/controllers/replicatedconfigmap_controller.go:378.16,380.3 1 0
rcm/controllers/replicatedconfigmap_controller.go:386.43,388.3 1 0
rcm/controllers/replicatedconfigmap_controller.go:397.18,399.3 1 0
rcm/controllers/replicatedconfigmap_controller.go:409.18,411.3 1 0
rcm/controllers/replicatedconfigmap_controller.go:417.87,423.16 3 0
rcm/controllers/replicatedconfigmap_controller.go:427.2,429.33 2 0
rcm/controllers/replicatedconfigmap_controller.go:437.2,437.17 1 0
rcm/controllers/replicatedconfigmap_controller.go:423.16,425.3 1 0
rcm/controllers/replicatedconfigmap_controller.go:429.33,436.3 1 0
rcm/controllers/replicatedconfigmap_controller.go:440.87,447.16 3 0
rcm/controllers/replicatedconfigmap_controller.go:451.2,453.37 2 0
rcm/controllers/replicatedconfigmap_controller.go:461.2,461.17 1 0
rcm/controllers/replicatedconfigmap_controller.go:447.16,449.3 1 0
rcm/controllers/replicatedconfigmap_controller.go:453.37,460.3 1 0
rcm/controllers/replicatedconfigmap_controller.go:464.52,465.29 1 0
rcm/controllers/replicatedconfigmap_controller.go:470.2,470.14 1 0
rcm/controllers/replicatedconfigmap_controller.go:465.29,466.16 1 0
rcm/controllers/replicatedconfigmap_controller.go:466.16,468.4 1 0
